2020-01-04 20:32:29,914 INFO o.a.j.u.JMeterUtils: Setting Locale to en_GB
2020-01-04 20:32:29,934 INFO o.a.j.JMeter: Loading user properties from: /home/jomon/.bzt/jmeter-taurus/5.1.1/bin/user.properties
2020-01-04 20:32:29,935 INFO o.a.j.JMeter: Loading system properties from: /home/jomon/.bzt/jmeter-taurus/5.1.1/bin/system.properties
2020-01-04 20:32:29,939 INFO o.a.j.JMeter: Copyright (c) 1998-2019 The Apache Software Foundation
2020-01-04 20:32:29,939 INFO o.a.j.JMeter: Version 5.1.1 r1855137
2020-01-04 20:32:29,940 INFO o.a.j.JMeter: java.version=1.8.0_131
2020-01-04 20:32:29,940 INFO o.a.j.JMeter: java.vm.name=Java HotSpot(TM) 64-Bit Server VM
2020-01-04 20:32:29,940 INFO o.a.j.JMeter: os.name=Linux
2020-01-04 20:32:29,940 INFO o.a.j.JMeter: os.arch=amd64
2020-01-04 20:32:29,940 INFO o.a.j.JMeter: os.version=5.3.0-26-generic
2020-01-04 20:32:29,940 INFO o.a.j.JMeter: file.encoding=UTF-8
2020-01-04 20:32:29,940 INFO o.a.j.JMeter: java.awt.headless=null
2020-01-04 20:32:29,940 INFO o.a.j.JMeter: Max memory     =3707764736
2020-01-04 20:32:29,940 INFO o.a.j.JMeter: Available Processors =4
2020-01-04 20:32:29,944 INFO o.a.j.JMeter: Default Locale=English (United Kingdom)
2020-01-04 20:32:29,944 INFO o.a.j.JMeter: JMeter  Locale=English (United Kingdom)
2020-01-04 20:32:29,944 INFO o.a.j.JMeter: JMeterHome=/home/jomon/.bzt/jmeter-taurus/5.1.1
2020-01-04 20:32:29,945 INFO o.a.j.JMeter: user.dir  =/home/jomon/workspace/taurus-workspace
2020-01-04 20:32:29,945 INFO o.a.j.JMeter: PWD       =/home/jomon/workspace/taurus-workspace
2020-01-04 20:32:29,945 INFO o.a.j.JMeter: IP: 127.0.1.1 Name: jomon-Inspiron-5567 FullName: jomon-Inspiron-5567
2020-01-04 20:32:30,181 INFO o.a.j.g.a.LookAndFeelCommand: Installing Darcula LAF
2020-01-04 20:32:30,237 INFO o.a.j.g.a.LookAndFeelCommand: Using look and feel: com.bulenkov.darcula.DarculaLaf [Darcula]
2020-01-04 20:32:30,238 INFO o.a.j.JMeter: Setting LAF to: com.bulenkov.darcula.DarculaLaf
2020-01-04 20:32:30,411 INFO o.a.j.JMeter: Loaded icon properties from org/apache/jmeter/images/icon.properties
2020-01-04 20:32:31,279 INFO o.j.r.JARSourceHTTP: Found cached repo
2020-01-04 20:32:31,611 INFO o.j.r.PluginManager: Plugins Status: [jpgc-functions=2.1, jpgc-casutg=2.9, jpgc-dummy=0.4, jpgc-ffw=2.0, jpgc-fifo=0.2, jpgc-json=2.7, jpgc-prmctl=0.4, jpgc-perfmon=2.1, jpgc-plugins-manager=1.3, jpgc-tst=2.5, jmeter-core=5.1.1, jmeter-ftp=5.1.1, jmeter-http=5.1.1, jmeter-jdbc=5.1.1, jmeter-jms=5.1.1, jmeter-junit=5.1.1, jmeter-java=5.1.1, jmeter-ldap=5.1.1, jmeter-mail=5.1.1, jmeter-mongodb=5.1.1, jmeter-native=5.1.1, jmeter-tcp=5.1.1, jmeter-components=5.1.1]
2020-01-04 20:32:34,179 INFO o.a.j.p.h.s.HTTPSamplerBase: Parser for text/html is org.apache.jmeter.protocol.http.parser.LagartoBasedHtmlParser
2020-01-04 20:32:34,181 INFO o.a.j.p.h.s.HTTPSamplerBase: Parser for application/xhtml+xml is org.apache.jmeter.protocol.http.parser.LagartoBasedHtmlParser
2020-01-04 20:32:34,181 INFO o.a.j.p.h.s.HTTPSamplerBase: Parser for application/xml is org.apache.jmeter.protocol.http.parser.LagartoBasedHtmlParser
2020-01-04 20:32:34,182 INFO o.a.j.p.h.s.HTTPSamplerBase: Parser for text/xml is org.apache.jmeter.protocol.http.parser.LagartoBasedHtmlParser
2020-01-04 20:32:34,183 INFO o.a.j.p.h.s.HTTPSamplerBase: Parser for text/vnd.wap.wml is org.apache.jmeter.protocol.http.parser.RegexpHTMLParser
2020-01-04 20:32:34,184 INFO o.a.j.p.h.s.HTTPSamplerBase: Parser for text/css is org.apache.jmeter.protocol.http.parser.CssParser
2020-01-04 20:32:34,607 INFO o.a.j.e.KeyToolUtils: keytool found at 'keytool'
2020-01-04 20:32:34,607 INFO o.a.j.p.h.p.ProxyControl: HTTP(S) Test Script Recorder SSL Proxy will use keys that support embedded 3rd party resources in file /home/jomon/.bzt/jmeter-taurus/5.1.1/bin/proxyserver.jks
2020-01-04 20:32:34,748 INFO o.a.j.s.FileServer: Default base='/home/jomon/workspace/taurus-workspace'
2020-01-04 20:32:35,106 INFO o.a.j.s.SampleResult: Note: Sample TimeStamps are START times
2020-01-04 20:32:35,106 INFO o.a.j.s.SampleResult: sampleresult.default.encoding is set to ISO-8859-1
2020-01-04 20:32:35,106 INFO o.a.j.s.SampleResult: sampleresult.useNanoTime=true
2020-01-04 20:32:35,107 INFO o.a.j.s.SampleResult: sampleresult.nanoThreadSleep=5000
2020-01-04 20:32:40,361 INFO o.a.j.g.a.Load: Loading file: /home/jomon/workspace/taurus-workspace/2. taurus yaml configuration/build-web-test-plan.jmx
2020-01-04 20:32:40,361 INFO o.a.j.s.FileServer: Set new base='/home/jomon/workspace/taurus-workspace/2. taurus yaml configuration'
2020-01-04 20:32:40,533 INFO o.a.j.s.SaveService: Testplan (JMX) version: 2.2. Testlog (JTL) version: 2.2
2020-01-04 20:32:40,536 INFO o.a.j.s.SaveService: Using SaveService properties file encoding UTF-8
2020-01-04 20:32:40,539 INFO o.a.j.s.SaveService: Using SaveService properties version 5.0
2020-01-04 20:32:40,542 INFO o.a.j.s.SaveService: Loading file: /home/jomon/workspace/taurus-workspace/2. taurus yaml configuration/build-web-test-plan.jmx
2020-01-04 20:32:40,659 INFO o.a.j.p.h.c.CookieManager: Settings: Delete null: true Check: true Allow variable: true Save: false Prefix: COOKIE_
2020-01-04 20:32:40,780 INFO o.a.j.s.FileServer: Set new base='/home/jomon/workspace/taurus-workspace/2. taurus yaml configuration'
2020-01-04 20:32:48,143 INFO o.a.j.e.StandardJMeterEngine: Running the test!
2020-01-04 20:32:48,145 INFO o.a.j.s.SampleEvent: List of sample_variables: []
2020-01-04 20:32:48,145 INFO o.a.j.s.SampleEvent: List of sample_variables: []
2020-01-04 20:32:48,150 INFO o.a.j.e.u.CompoundVariable: Note: Function class names must contain the string: '.functions.'
2020-01-04 20:32:48,151 INFO o.a.j.e.u.CompoundVariable: Note: Function class names must not contain the string: '.gui.'
2020-01-04 20:32:48,431 INFO o.a.j.g.u.JMeterMenuBar: setRunning(true, *local*)
2020-01-04 20:32:48,656 INFO o.a.j.e.StandardJMeterEngine: Starting ThreadGroup: 1 : Scenario 1
2020-01-04 20:32:48,656 INFO o.a.j.e.StandardJMeterEngine: Starting 5 threads for group Scenario 1.
2020-01-04 20:32:48,656 INFO o.a.j.e.StandardJMeterEngine: Thread will continue on error
2020-01-04 20:32:48,656 INFO o.a.j.t.ThreadGroup: Starting thread group... number=1 threads=5 ramp-up=5 delayedStart=false
2020-01-04 20:32:48,669 INFO o.a.j.t.ThreadGroup: Started thread group number 1
2020-01-04 20:32:48,669 INFO o.a.j.e.StandardJMeterEngine: All thread groups have been started
2020-01-04 20:32:53,656 INFO o.a.j.t.JMeterThread: Thread started: Scenario 1 1-1
2020-01-04 20:32:53,685 INFO o.a.j.p.h.s.HTTPHCAbstractImpl: Local host = jomon-Inspiron-5567
2020-01-04 20:32:53,697 INFO o.a.j.p.h.s.HTTPHC4Impl: HTTP request retry count = 0
2020-01-04 20:32:54,090 INFO o.a.j.p.h.s.h.LazyLayeredConnectionSocketFactory: Setting up HTTPS TrustAll Socket Factory
2020-01-04 20:32:54,098 INFO o.a.j.u.JsseSSLManager: Using default SSL protocol: TLS
2020-01-04 20:32:54,099 INFO o.a.j.u.JsseSSLManager: SSL session context: per-thread
2020-01-04 20:32:54,182 INFO o.a.j.u.SSLManager: JmeterKeyStore Location:  type JKS
2020-01-04 20:32:54,185 INFO o.a.j.u.SSLManager: KeyStore created OK
2020-01-04 20:32:54,186 WARN o.a.j.u.SSLManager: Keystore file not found, loading empty keystore
2020-01-04 20:32:54,657 INFO o.a.j.t.JMeterThread: Thread started: Scenario 1 1-2
2020-01-04 20:32:55,657 INFO o.a.j.t.JMeterThread: Thread started: Scenario 1 1-3
2020-01-04 20:32:56,656 INFO o.a.j.t.JMeterThread: Thread started: Scenario 1 1-4
2020-01-04 20:32:57,657 INFO o.a.j.t.JMeterThread: Thread started: Scenario 1 1-5
2020-01-04 20:33:10,057 INFO o.a.j.g.a.Start: Stopping test
2020-01-04 20:33:10,097 INFO o.a.j.t.JMeterThread: Stopping: Scenario 1 1-1
2020-01-04 20:33:10,099 WARN o.a.j.t.JMeterThread: The delay timer was interrupted - probably did not wait as long as intended.
2020-01-04 20:33:10,101 INFO o.a.j.t.JMeterThread: Thread finished: Scenario 1 1-1
2020-01-04 20:33:10,104 INFO o.a.j.t.JMeterThread: Stopping: Scenario 1 1-5
2020-01-04 20:33:10,104 INFO o.a.j.t.JMeterThread: Stopping: Scenario 1 1-4
2020-01-04 20:33:10,104 WARN o.a.j.t.JMeterThread: The delay timer was interrupted - probably did not wait as long as intended.
2020-01-04 20:33:10,114 INFO o.a.j.t.JMeterThread: Thread finished: Scenario 1 1-5
2020-01-04 20:33:10,115 INFO o.a.j.t.JMeterThread: Stopping: Scenario 1 1-3
2020-01-04 20:33:10,116 WARN o.a.j.t.JMeterThread: The delay timer was interrupted - probably did not wait as long as intended.
2020-01-04 20:33:10,117 WARN o.a.j.t.JMeterThread: The delay timer was interrupted - probably did not wait as long as intended.
2020-01-04 20:33:10,117 INFO o.a.j.t.JMeterThread: Thread finished: Scenario 1 1-4
2020-01-04 20:33:10,118 INFO o.a.j.t.JMeterThread: Thread finished: Scenario 1 1-3
2020-01-04 20:33:10,121 INFO o.a.j.t.JMeterThread: Stopping: Scenario 1 1-2
2020-01-04 20:33:10,121 WARN o.a.j.t.JMeterThread: The delay timer was interrupted - probably did not wait as long as intended.
2020-01-04 20:33:10,122 INFO o.a.j.t.JMeterThread: Thread finished: Scenario 1 1-2
2020-01-04 20:33:10,124 INFO o.a.j.e.StandardJMeterEngine: Notifying test listeners of end of test
2020-01-04 20:33:10,125 INFO o.a.j.g.u.JMeterMenuBar: setRunning(false, *local*)
